<?xml version="1.0" encoding="UTF-8"?>
<testng-results skipped="0" failed="0" ignored="0" total="1" passed="1">
  <reporter-output>
  </reporter-output>
  <suite name="Default suite" duration-ms="103012" started-at="2024-06-14T17:15:07 IST" finished-at="2024-06-14T17:16:50 IST">
    <groups>
    </groups>
    <test name="Default test" duration-ms="103012" started-at="2024-06-14T17:15:07 IST" finished-at="2024-06-14T17:16:50 IST">
      <class name="GuruProject.BankTestClass">
        <test-method status="PASS" signature="setup()[pri:0, instance:GuruProject.BankTestClass@57e1b0c]" name="setup" is-config="true" duration-ms="35567" started-at="2024-06-14T17:15:07 IST" finished-at="2024-06-14T17:15:43 IST">
          <reporter-output>
          </reporter-output>
        </test-method> <!-- setup -->
        <test-method status="PASS" signature="test()[pri:0, instance:GuruProject.BankTestClass@57e1b0c]" name="test" duration-ms="58436" started-at="2024-06-14T17:15:43 IST" finished-at="2024-06-14T17:16:41 IST">
          <reporter-output>
          </reporter-output>
        </test-method> <!-- test -->
        <test-method status="PASS" signature="teardown()[pri:0, instance:GuruProject.BankTestClass@57e1b0c]" name="teardown" is-config="true" duration-ms="8945" started-at="2024-06-14T17:16:41 IST" finished-at="2024-06-14T17:16:50 IST">
          <reporter-output>
          </reporter-output>
        </test-method> <!-- teardown -->
      </class> <!-- GuruProject.BankTestClass -->
    </test> <!-- Default test -->
  </suite> <!-- Default suite -->
</testng-results>
